#
# There is insufficient memory for the Java Runtime Environment to continue.
# Native memory allocation (malloc) failed to allocate 1275808 bytes for Chunk::new
# Possible reasons:
#   The system is out of physical RAM or swap space
#   In 32 bit mode, the process size limit was hit
# Possible solutions:
#   Reduce memory load on the system
#   Increase physical memory or swap space
#   Check if swap backing store is full
#   Use 64 bit Java on a 64 bit OS
#   Decrease Java heap size (-Xmx/-Xms)
#   Decrease number of Java threads
#   Decrease Java thread stack sizes (-Xss)
#   Set larger code cache with -XX:ReservedCodeCacheSize=
# This output file may be truncated or incomplete.
#
#  Out of Memory Error (allocation.cpp:390), pid=1876, tid=0x0000000000000f38
#
# JRE version: OpenJDK Runtime Environment (8.0_112-b06) (build 1.8.0_112-release-b06)
# Java VM: OpenJDK 64-Bit Server VM (25.112-b06 mixed mode windows-amd64 compressed oops)
# Failed to write core dump. Minidumps are not enabled by default on client versions of Windows
#

---------------  T H R E A D  ---------------

Current thread (0x000000001c2c3800):  JavaThread "C2 CompilerThread0" daemon [_thread_in_native, id=3896, stack(0x000000001d200000,0x000000001d300000)]

Stack: [0x000000001d200000,0x000000001d300000]
[error occurred during error reporting (printing stack bounds), id 0xc0000005]

Native frames: (J=compiled Java code, j=interpreted, Vv=VM code, C=native code)


Current CompileTask:
C2:  33512 2056   !   4       com.android.dx.cf.code.Ropper::processBlock (1101 bytes)


---------------  P R O C E S S  ---------------

Java Threads: ( => current thread )
  0x000000001d97e000 JavaThread "pool-2-thread-4" [_thread_in_Java, id=4752, stack(0x000000001e600000,0x000000001e700000)]
  0x000000001d977800 JavaThread "pool-2-thread-3" [_thread_in_Java, id=3068, stack(0x000000001e500000,0x000000001e600000)]
  0x000000001d9b0000 JavaThread "pool-2-thread-2" [_thread_in_Java, id=2672, stack(0x000000001e400000,0x000000001e500000)]
  0x000000001d9af800 JavaThread "pool-3-thread-1" [_thread_blocked, id=4772, stack(0x000000001e300000,0x000000001e400000)]
  0x000000001d9ae800 JavaThread "pool-2-thread-1" [_thread_in_Java, id=4872, stack(0x000000001e200000,0x000000001e300000)]
  0x000000001c2cb800 JavaThread "Service Thread" daemon [_thread_blocked, id=4672, stack(0x000000001d400000,0x000000001d500000)]
  0x000000001c2c6800 JavaThread "C1 CompilerThread1" daemon [_thread_blocked, id=252, stack(0x000000001d300000,0x000000001d400000)]
=>0x000000001c2c3800 JavaThread "C2 CompilerThread0" daemon [_thread_in_native, id=3896, stack(0x000000001d200000,0x000000001d300000)]
  0x000000001c2d4000 JavaThread "Attach Listener" daemon [_thread_blocked, id=1796, stack(0x000000001d100000,0x000000001d200000)]
  0x000000001c2d1000 JavaThread "Signal Dispatcher" daemon [_thread_blocked, id=4232, stack(0x000000001d000000,0x000000001d100000)]
  0x000000001c2ae000 JavaThread "Finalizer" daemon [_thread_blocked, id=4204, stack(0x000000001cf00000,0x000000001d000000)]
  0x000000001c283800 JavaThread "Reference Handler" daemon [_thread_blocked, id=3052, stack(0x000000001ce00000,0x000000001cf00000)]
  0x0000000002bd0800 JavaThread "main" [_thread_in_Java, id=1100, stack(0x0000000001370000,0x0000000001470000)]

Other Threads:
  0x000000001c27c000 VMThread [stack: 0x000000001cd00000,0x000000001ce00000] [id=1440]
  0x000000001c2cc800 WatcherThread [stack: 0x000000001d500000,0x000000001d600000] [id=4188]

VM state:not at safepoint (normal execution)

VM Mutex/Monitor currently owned by a thread: None

Heap:
 PSYoungGen      total 379904K, used 113626K [0x000000076ab00000, 0x0000000788180000, 0x00000007c0000000)
  eden space 303616K, 26% used [0x000000076ab00000,0x000000076fa5b100,0x000000077d380000)
  from space 76288K, 42% used [0x000000077d380000,0x000000077f31b788,0x0000000781e00000)
  to   space 57344K, 0% used [0x0000000781e00000,0x0000000781e00000,0x0000000785600000)
 ParOldGen       total 247296K, used 247230K [0x00000006c0000000, 0x00000006cf180000, 0x000000076ab00000)
  object space 247296K, 99% used [0x00000006c0000000,0x00000006cf16f860,0x00000006cf180000)
 Metaspace       used 6406K, capacity 7280K, committed 7552K, reserved 1056768K
  class space    used 585K, capacity 616K, committed 640K, reserved 1048576K

Card table byte_map: [0x0000000012300000,0x0000000012b10000] byte_map_base: 0x000000000ed00000

Marking Bits: (ParMarkBitMap*) 0x000000006d5018f0
 Begin Bits: [0x0000000013170000, 0x0000000017170000)
 End Bits:   [0x0000000017170000, 0x000000001b170000)

Polling page: 0x0000000002ba0000

CodeCache: size=245760Kb used=9886Kb max_used=9886Kb free=235874Kb
 bounds [0x0000000002f40000, 0x00000000038f0000, 0x0000000011f40000]
 total_blobs=2474 nmethods=2212 adapters=176
 compilation: enabled

Compilation events (10 events):
Event: 28.762 Thread 0x000000001c2c6800 2312       1       com.android.dx.rop.code.FillArrayDataInsn::getConstant (5 bytes)
Event: 28.762 Thread 0x000000001c2c6800 nmethod 2312 0x00000000038ed810 code [0x00000000038ed960, 0x00000000038eda70]
Event: 28.763 Thread 0x000000001c2c6800 2313       1       com.android.dx.rop.code.FillArrayDataInsn::getInitValues (5 bytes)
Event: 28.763 Thread 0x000000001c2c6800 nmethod 2313 0x00000000038edad0 code [0x00000000038edc20, 0x00000000038edd30]
Event: 28.857 Thread 0x000000001c2c6800 2314       1       com.android.dx.cf.attrib.BaseAnnotations::byteLength (8 bytes)
Event: 28.857 Thread 0x000000001c2c6800 nmethod 2314 0x00000000038edd90 code [0x00000000038edee0, 0x00000000038edff0]
Event: 29.072 Thread 0x000000001c2c6800 2316   !   2       java.util.EnumSet::clone (18 bytes)
Event: 29.072 Thread 0x000000001c2c6800 nmethod 2316 0x00000000038ee050 code [0x00000000038ee1c0, 0x00000000038ee438]
Event: 32.881 Thread 0x000000001c2c6800 2318       2       com.android.dx.ssa.Optimizer::optimizeMinimizeRegisters (41 bytes)
Event: 32.882 Thread 0x000000001c2c6800 nmethod 2318 0x00000000038ee590 code [0x00000000038ee740, 0x00000000038eeb08]

GC Heap History (10 events):
Event: 17.567 GC heap before
{Heap before GC invocations=17 (full 3):
 PSYoungGen      total 326144K, used 27148K [0x000000076ab00000, 0x0000000782680000, 0x00000007c0000000)
  eden space 273920K, 0% used [0x000000076ab00000,0x000000076ab00000,0x000000077b680000)
  from space 52224K, 51% used [0x000000077e980000,0x0000000780403058,0x0000000781c80000)
  to   space 52224K, 0% used [0x000000077b680000,0x000000077b680000,0x000000077e980000)
 ParOldGen       total 151552K, used 137752K [0x00000006c0000000, 0x00000006c9400000, 0x000000076ab00000)
  object space 151552K, 90% used [0x00000006c0000000,0x00000006c8686298,0x00000006c9400000)
 Metaspace       used 6378K, capacity 7216K, committed 7296K, reserved 1056768K
  class space    used 585K, capacity 616K, committed 640K, reserved 1048576K
Event: 21.360 GC heap after
Heap after GC invocations=17 (full 3):
 PSYoungGen      total 326144K, used 9612K [0x000000076ab00000, 0x0000000782680000, 0x00000007c0000000)
  eden space 273920K, 0% used [0x000000076ab00000,0x000000076ab00000,0x000000077b680000)
  from space 52224K, 18% used [0x000000077e980000,0x000000077f2e32b0,0x0000000781c80000)
  to   space 52224K, 0% used [0x000000077b680000,0x000000077b680000,0x000000077e980000)
 ParOldGen       total 247296K, used 151133K [0x00000006c0000000, 0x00000006cf180000, 0x000000076ab00000)
  object space 247296K, 61% used [0x00000006c0000000,0x00000006c93974b0,0x00000006cf180000)
 Metaspace       used 6378K, capacity 7216K, committed 7296K, reserved 1056768K
  class space    used 585K, capacity 616K, committed 640K, reserved 1048576K
}
Event: 22.996 GC heap before
{Heap before GC invocations=18 (full 3):
 PSYoungGen      total 326144K, used 283532K [0x000000076ab00000, 0x0000000782680000, 0x00000007c0000000)
  eden space 273920K, 100% used [0x000000076ab00000,0x000000077b680000,0x000000077b680000)
  from space 52224K, 18% used [0x000000077e980000,0x000000077f2e32b0,0x0000000781c80000)
  to   space 52224K, 0% used [0x000000077b680000,0x000000077b680000,0x000000077e980000)
 ParOldGen       total 247296K, used 151133K [0x00000006c0000000, 0x00000006cf180000, 0x000000076ab00000)
  object space 247296K, 61% used [0x00000006c0000000,0x00000006c93974b0,0x00000006cf180000)
 Metaspace       used 6387K, capacity 7216K, committed 7296K, reserved 1056768K
  class space    used 585K, capacity 616K, committed 640K, reserved 1048576K
Event: 23.695 GC heap after
Heap after GC invocations=18 (full 3):
 PSYoungGen      total 326144K, used 42025K [0x000000076ab00000, 0x0000000785600000, 0x00000007c0000000)
  eden space 273920K, 0% used [0x000000076ab00000,0x000000076ab00000,0x000000077b680000)
  from space 52224K, 80% used [0x000000077b680000,0x000000077df8a420,0x000000077e980000)
  to   space 57344K, 0% used [0x0000000781e00000,0x0000000781e00000,0x0000000785600000)
 ParOldGen       total 247296K, used 151141K [0x00000006c0000000, 0x00000006cf180000, 0x000000076ab00000)
  object space 247296K, 61% used [0x00000006c0000000,0x00000006c93994b0,0x00000006cf180000)
 Metaspace       used 6387K, capacity 7216K, committed 7296K, reserved 1056768K
  class space    used 585K, capacity 616K, committed 640K, reserved 1048576K
}
Event: 25.903 GC heap before
{Heap before GC invocations=19 (full 3):
 PSYoungGen      total 326144K, used 315945K [0x000000076ab00000, 0x0000000785600000, 0x00000007c0000000)
  eden space 273920K, 100% used [0x000000076ab00000,0x000000077b680000,0x000000077b680000)
  from space 52224K, 80% used [0x000000077b680000,0x000000077df8a420,0x000000077e980000)
  to   space 57344K, 0% used [0x0000000781e00000,0x0000000781e00000,0x0000000785600000)
 ParOldGen       total 247296K, used 151141K [0x00000006c0000000, 0x00000006cf180000, 0x000000076ab00000)
  object space 247296K, 61% used [0x00000006c0000000,0x00000006c93994b0,0x00000006cf180000)
 Metaspace       used 6390K, capacity 7280K, committed 7552K, reserved 1056768K
  class space    used 585K, capacity 616K, committed 640K, reserved 1048576K
Event: 26.594 GC heap after
Heap after GC invocations=19 (full 3):
 PSYoungGen      total 360960K, used 57316K [0x000000076ab00000, 0x0000000788180000, 0x00000007c0000000)
  eden space 303616K, 0% used [0x000000076ab00000,0x000000076ab00000,0x000000077d380000)
  from space 57344K, 99% used [0x0000000781e00000,0x00000007855f91d0,0x0000000785600000)
  to   space 76288K, 0% used [0x000000077d380000,0x000000077d380000,0x0000000781e00000)
 ParOldGen       total 247296K, used 176474K [0x00000006c0000000, 0x00000006cf180000, 0x000000076ab00000)
  object space 247296K, 71% used [0x00000006c0000000,0x00000006cac56978,0x00000006cf180000)
 Metaspace       used 6390K, capacity 7280K, committed 7552K, reserved 1056768K
  class space    used 585K, capacity 616K, committed 640K, reserved 1048576K
}
Event: 29.369 GC heap before
{Heap before GC invocations=20 (full 3):
 PSYoungGen      total 360960K, used 360932K [0x000000076ab00000, 0x0000000788180000, 0x00000007c0000000)
  eden space 303616K, 100% used [0x000000076ab00000,0x000000077d380000,0x000000077d380000)
  from space 57344K, 99% used [0x0000000781e00000,0x00000007855f91d0,0x0000000785600000)
  to   space 76288K, 0% used [0x000000077d380000,0x000000077d380000,0x0000000781e00000)
 ParOldGen       total 247296K, used 176474K [0x00000006c0000000, 0x00000006cf180000, 0x000000076ab00000)
  object space 247296K, 71% used [0x00000006c0000000,0x00000006cac56978,0x00000006cf180000)
 Metaspace       used 6406K, capacity 7280K, committed 7552K, reserved 1056768K
  class space    used 585K, capacity 616K, committed 640K, reserved 1048576K
Event: 29.745 GC heap after
Heap after GC invocations=20 (full 3):
 PSYoungGen      total 379904K, used 74125K [0x000000076ab00000, 0x0000000788180000, 0x00000007c0000000)
  eden space 303616K, 0% used [0x000000076ab00000,0x000000076ab00000,0x000000077d380000)
  from space 76288K, 97% used [0x000000077d380000,0x0000000781be3500,0x0000000781e00000)
  to   space 57344K, 0% used [0x0000000781e00000,0x0000000781e00000,0x0000000785600000)
 ParOldGen       total 247296K, used 206736K [0x00000006c0000000, 0x00000006cf180000, 0x000000076ab00000)
  object space 247296K, 83% used [0x00000006c0000000,0x00000006cc9e43f0,0x00000006cf180000)
 Metaspace       used 6406K, capacity 7280K, committed 7552K, reserved 1056768K
  class space    used 585K, capacity 616K, committed 640K, reserved 1048576K
}
Event: 29.745 GC heap before
{Heap before GC invocations=21 (full 4):
 PSYoungGen      total 379904K, used 74125K [0x000000076ab00000, 0x0000000788180000, 0x00000007c0000000)
  eden space 303616K, 0% used [0x000000076ab00000,0x000000076ab00000,0x000000077d380000)
  from space 76288K, 97% used [0x000000077d380000,0x0000000781be3500,0x0000000781e00000)
  to   space 57344K, 0% used [0x0000000781e00000,0x0000000781e00000,0x0000000785600000)
 ParOldGen       total 247296K, used 206736K [0x00000006c0000000, 0x00000006cf180000, 0x000000076ab00000)
  object space 247296K, 83% used [0x00000006c0000000,0x00000006cc9e43f0,0x00000006cf180000)
 Metaspace       used 6406K, capacity 7280K, committed 7552K, reserved 1056768K
  class space    used 585K, capacity 616K, committed 640K, reserved 1048576K
Event: 32.857 GC heap after
Heap after GC invocations=21 (full 4):
 PSYoungGen      total 379904K, used 32365K [0x000000076ab00000, 0x0000000788180000, 0x00000007c0000000)
  eden space 303616K, 0% used [0x000000076ab00000,0x000000076ab00000,0x000000077d380000)
  from space 76288K, 42% used [0x000000077d380000,0x000000077f31b788,0x0000000781e00000)
  to   space 57344K, 0% used [0x0000000781e00000,0x0000000781e00000,0x0000000785600000)
 ParOldGen       total 247296K, used 247230K [0x00000006c0000000, 0x00000006cf180000, 0x000000076ab00000)
  object space 247296K, 99% used [0x00000006c0000000,0x00000006cf16f860,0x00000006cf180000)
 Metaspace       used 6406K, capacity 7280K, committed 7552K, reserved 1056768K
  class space    used 585K, capacity 616K, committed 640K, reserved 1048576K
}

Deoptimization events (10 events):
Event: 10.349 Thread 0x0000000002bd0800 Uncommon trap: reason=unstable_if action=reinterpret pc=0x000000000376712c method=com.android.dx.rop.code.RegisterSpecSet.<init>(I)V @ 2
Event: 10.349 Thread 0x0000000002bd0800 Uncommon trap: reason=unstable_if action=reinterpret pc=0x0000000003515fa8 method=com.android.dx.rop.code.RegisterSpecSet.<init>(I)V @ 2
Event: 10.528 Thread 0x0000000002bd0800 Uncommon trap: reason=unstable_if action=reinterpret pc=0x0000000003707b90 method=com.android.dx.ssa.SCCP.simulateBranch(Lcom/android/dx/ssa/SsaInsn;)V @ 548
Event: 10.679 Thread 0x000000001d977800 Uncommon trap: reason=unstable_if action=reinterpret pc=0x000000000375bf24 method=com.android.dx.cf.code.OneLocalsArray.set(ILcom/android/dx/rop/type/TypeBearer;)V @ 93
Event: 14.181 Thread 0x000000001d9b0000 Uncommon trap: reason=bimorphic action=maybe_recompile pc=0x0000000003726264 method=com.android.dx.cf.code.BytecodeArray.parseInstruction(ILcom/android/dx/cf/code/BytecodeArray$Visitor;)I @ 2554
Event: 14.181 Thread 0x000000001d9b0000 Uncommon trap: reason=bimorphic action=maybe_recompile pc=0x0000000003726264 method=com.android.dx.cf.code.BytecodeArray.parseInstruction(ILcom/android/dx/cf/code/BytecodeArray$Visitor;)I @ 2554
Event: 14.855 Thread 0x0000000002bd0800 Uncommon trap: reason=unstable_if action=reinterpret pc=0x00000000036145a0 method=com.android.dx.ssa.MoveParamCombiner$1.visitNonMoveInsn(Lcom/android/dx/ssa/NormalSsaInsn;)V @ 27
Event: 16.320 Thread 0x000000001d9ae800 Uncommon trap: reason=unstable_if action=reinterpret pc=0x000000000363ddf8 method=java.util.HashMap.putVal(ILjava/lang/Object;Ljava/lang/Object;ZZ)Ljava/lang/Object; @ 109
Event: 16.992 Thread 0x0000000002bd0800 Uncommon trap: reason=unstable_if action=reinterpret pc=0x000000000309c4e4 method=java.util.zip.ZipCoder.decoder()Ljava/nio/charset/CharsetDecoder; @ 4
Event: 26.829 Thread 0x0000000002bd0800 Uncommon trap: reason=unstable_if action=reinterpret pc=0x0000000003533bf4 method=com.android.dx.ssa.SsaMethod.getExitBlock()Lcom/android/dx/ssa/SsaBasicBlock; @ 4

Internal exceptions (9 events):
Event: 0.045 Thread 0x0000000002bd0800 Exception <a 'java/lang/NoSuchMethodError': Method sun.misc.Unsafe.defineClass(Ljava/lang/String;[BII)Ljava/lang/Class; name or signature does not match> (0x000000076ab07c78) thrown at [C:\src\android\AOSP-openjdk\external\jetbrains\jdk\hotspot\src\share\v€öò†U§?
Event: 0.046 Thread 0x0000000002bd0800 Exception <a 'java/lang/NoSuchMethodError': Method sun.misc.Unsafe.prefetchRead(Ljava/lang/Object;J)V name or signature does not match> (0x000000076ab07f60) thrown at [C:\src\android\AOSP-openjdk\external\jetbrains\jdk\hotspot\src\share\vm\prims\jni.cpp, lÿYJR§æ?
Event: 0.708 Thread 0x0000000002bd0800 Implicit null exception at 0x000000000309fe38 to 0x00000000030a0441
Event: 2.847 Thread 0x000000001d977800 Implicit null exception at 0x000000000340ef09 to 0x0000000003411431
Event: 3.734 Thread 0x000000001d9b0000 Implicit null exception at 0x0000000003517688 to 0x00000000035177a1
Event: 4.183 Thread 0x000000001d977800 Exception <a 'java/lang/ArrayIndexOutOfBoundsException': 18> (0x000000076d0f48b0) thrown at [C:\src\android\AOSP-openjdk\external\jetbrains\jdk\hotspot\src\share\vm\interpreter\interpreterRuntime.cpp, line 366]
Event: 4.184 Thread 0x000000001d977800 Exception <a 'java/lang/ArrayIndexOutOfBoundsException'> (0x000000076d0f6430) thrown at [C:\src\android\AOSP-openjdk\external\jetbrains\jdk\hotspot\src\share\vm\runtime\sharedRuntime.cpp, line 605]
Event: 4.192 Thread 0x000000001d977800 Exception <a 'java/lang/ArrayIndexOutOfBoundsException'> (0x000000076d0f7718) thrown at [C:\src\android\AOSP-openjdk\external\jetbrains\jdk\hotspot\src\share\vm\runtime\sharedRuntime.cpp, line 605]
Event: 16.992 Thread 0x0000000002bd0800 Implicit null exception at 0x000000000309c078 to 0x000000000309c4c9

Events (10 events):
Event: 33.118 Thread 0x000000001d977800 DEOPT PACKING pc=0x000000000342a849 sp=0x000000001e5fe9c0
Event: 33.118 Thread 0x000000001d977800 DEOPT UNPACKING pc=0x0000000002f871bf sp=0x000000001e5fe7f0 mode 0
Event: 33.151 Thread 0x000000001d97e000 DEOPT PACKING pc=0x00000000032edce1 sp=0x000000001e6fe5f0
Event: 33.151 Thread 0x000000001d97e000 DEOPT UNPACKING pc=0x0000000002f871bf sp=0x000000001e6fe3b8 mode 0
Event: 33.165 Thread 0x000000001d9ae800 DEOPT PACKING pc=0x0000000003319ea4 sp=0x000000001e2fe6e0
Event: 33.165 Thread 0x000000001d9ae800 DEOPT UNPACKING pc=0x0000000002f871bf sp=0x000000001e2fe3f8 mode 0
Event: 33.376 Thread 0x000000001d97e000 DEOPT PACKING pc=0x000000000342a849 sp=0x000000001e6fe660
Event: 33.376 Thread 0x000000001d97e000 DEOPT UNPACKING pc=0x0000000002f871bf sp=0x000000001e6fe490 mode 0
Event: 33.462 Thread 0x000000001d9b0000 DEOPT PACKING pc=0x00000000032edce1 sp=0x000000001e4fe760
Event: 33.462 Thread 0x000000001d9b0000 DEOPT UNPACKING pc=0x0000000002f871bf sp=0x000000001e4fe528 mode 0


Dynamic libraries:
0x00007ff6dbcd0000 - 0x00007ff6dbd01000 	C:\Program Files\Android\Android Studio\jre\bin\java.exe
0x00007ffb5e660000 - 0x00007ffb5e822000 	C:\Windows\SYSTEM32\ntdll.dll
0x00007ffb5e550000 - 0x00007ffb5e5fd000 	C:\Windows\system32\KERNEL32.DLL
0x00007ffb5baf0000 - 0x00007ffb5bccd000 	C:\Windows\system32\KERNELBASE.dll
0x00007ffb5e120000 - 0x00007ffb5e1c6000 	C:\Windows\system32\ADVAPI32.dll
0x00007ffb5bd30000 - 0x00007ffb5bdcd000 	C:\Windows\system32\msvcrt.dll
0x00007ffb5c420000 - 0x00007ffb5c47b000 	C:\Windows\system32\sechost.dll
0x00007ffb5dc80000 - 0x00007ffb5dda6000 	C:\Windows\system32\RPCRT4.dll
0x00007ffb5be30000 - 0x00007ffb5bf7e000 	C:\Windows\system32\USER32.dll
0x00007ffb5c290000 - 0x00007ffb5c415000 	C:\Windows\system32\GDI32.dll
0x00007ffb50f30000 - 0x00007ffb511a4000 	C:\Windows\WinSxS\amd64_microsoft.windows.common-controls_6595b64144ccf1df_6.0.10240.16384_none_f41f7b285750ef43\COMCTL32.dll
0x00007ffb5e0e0000 - 0x00007ffb5e116000 	C:\Windows\system32\IMM32.DLL
0x00007ffb5c130000 - 0x00007ffb5c28c000 	C:\Windows\system32\MSCTF.dll
0x000000006cc60000 - 0x000000006cd32000 	C:\Program Files\Android\Android Studio\jre\jre\bin\msvcr100.dll
0x000000006cd40000 - 0x000000006d57c000 	C:\Program Files\Android\Android Studio\jre\jre\bin\server\jvm.dll
0x00007ffb5c630000 - 0x00007ffb5c638000 	C:\Windows\system32\PSAPI.DLL
0x00007ffb54a60000 - 0x00007ffb54a69000 	C:\Windows\SYSTEM32\WSOCK32.dll
0x00007ffb54d10000 - 0x00007ffb54d33000 	C:\Windows\SYSTEM32\WINMM.dll
0x00007ffb5e470000 - 0x00007ffb5e4d9000 	C:\Windows\system32\WS2_32.dll
0x00007ffb5df00000 - 0x00007ffb5df08000 	C:\Windows\system32\NSI.dll
0x00007ffb55370000 - 0x00007ffb5537a000 	C:\Windows\SYSTEM32\VERSION.dll
0x00007ffb54ce0000 - 0x00007ffb54d0c000 	C:\Windows\SYSTEM32\WINMMBASE.dll
0x00007ffb5b810000 - 0x00007ffb5b854000 	C:\Windows\system32\cfgmgr32.dll
0x00007ffb59a00000 - 0x00007ffb59a27000 	C:\Windows\SYSTEM32\DEVOBJ.dll
0x00007ffb58400000 - 0x00007ffb5840f000 	C:\Program Files\Android\Android Studio\jre\jre\bin\verify.dll
0x00007ffb57be0000 - 0x00007ffb57c09000 	C:\Program Files\Android\Android Studio\jre\jre\bin\java.dll
0x00007ffb4c120000 - 0x00007ffb4c136000 	C:\Program Files\Android\Android Studio\jre\jre\bin\zip.dll
0x00007ffb5c640000 - 0x00007ffb5db65000 	C:\Windows\system32\SHELL32.dll
0x00007ffb5b1e0000 - 0x00007ffb5b808000 	C:\Windows\system32\windows.storage.dll
0x00007ffb5e1d0000 - 0x00007ffb5e44c000 	C:\Windows\system32\combase.dll
0x00007ffb5bdd0000 - 0x00007ffb5be21000 	C:\Windows\system32\shlwapi.dll
0x00007ffb5b100000 - 0x00007ffb5b10f000 	C:\Windows\system32\kernel.appcore.dll
0x00007ffb5b860000 - 0x00007ffb5b913000 	C:\Windows\system32\shcore.dll
0x00007ffb5b0b0000 - 0x00007ffb5b0fa000 	C:\Windows\system32\powrprof.dll
0x00007ffb5b110000 - 0x00007ffb5b123000 	C:\Windows\system32\profapi.dll

VM Arguments:
jvm_args: -Djava.awt.headless=true -Xmx4g -Dfile.encoding=windows-1252 -Duser.country=US -Duser.language=en -Duser.variant 
java_command: com.android.dx.command.Main --dex --num-threads=4 --multi-dex --main-dex-list E:\dixon\e-nusu\app\build\intermediates\multi-dex\debug\maindexlist.txt --output E:\dixon\e-nusu\app\build\intermediates\transforms\dex\debug\folders\1000\1f\main E:\dixon\e-nusu\app\build\intermediates\transforms\jarMerging\debug\jars\1\1f\combined.jar
java_class_path (initial): E:\dixon\soft\ANDRIODSOFT\sdk\build-tools\25.0.0\lib\dx.jar
Launcher Type: SUN_STANDARD

Environment Variables:
PATH=C:\Windows\system32;C:\Windows;C:\Windows\System32\Wbem;C:\Windows\System32\WindowsPowerShell\v1.0\;c:\Program Files (x86)\Microsoft SQL Server\100\Tools\Binn\;c:\Program Files\Microsoft SQL Server\100\Tools\Binn\;c:\Program Files\Microsoft SQL Server\100\DTS\Binn\
USERNAME=fshyaka88
OS=Windows_NT
PROCESSOR_IDENTIFIER=Intel64 Family 6 Model 15 Stepping 10, GenuineIntel



---------------  S Y S T E M  ---------------

OS: Windows 10.0 , 64 bit Build 10240 (10.0.10240.16384)

CPU:total 2 (2 cores per cpu, 1 threads per core) family 6 model 15 stepping 10, cmov, cx8, fxsr, mmx, sse, sse2, sse3, ssse3, tsc

Memory: 4k page, physical 4184028k(389392k free), swap 11931288k(4156k free)

vm_info: OpenJDK 64-Bit Server VM (25.112-b06) for windows-amd64 JRE (1.8.0_112-release-b06), built on Dec  8 2016 00:54:26 by "builder" with MS VC++ 10.0 (VS2010)

time: Fri Feb 09 18:20:14 2018
elapsed time: 33 seconds (0d 0h 0m 33s)

